<?xml version="1.0" encoding="UTF-8"?>
<!-- Generated by org.testng.reporters.JUnitReportReporter -->
<testsuite skipped="0" hostname="DESKTOP-5LGAA3J" name="com.anthony.cases.CaseDemo1" tests="1" failures="0" timestamp="01 九月 2019 08:29:21 GMT" time="0.005" errors="0">
  <testcase name="test1" time="0.005" classname="com.anthony.cases.CaseDemo1"/>
</testsuite> <!-- com.anthony.cases.CaseDemo1 -->
