<?xml version="1.0" encoding="UTF-8"?>
<!-- Generated by org.testng.reporters.JUnitReportReporter -->
<testsuite skipped="0" hostname="DESKTOP-5LGAA3J" name="com.anthony.cases.CreateTest" tests="2" failures="0" timestamp="05 Sep 2019 15:28:39 GMT" time="12.989" errors="0">
  <testcase name="test01_Create" time="3.520" classname="com.anthony.cases.CreateTest"/>
  <testcase name="test02_Create" time="9.469" classname="com.anthony.cases.CreateTest"/>
</testsuite> <!-- com.anthony.cases.CreateTest -->
