<?xml version="1.0" encoding="UTF-8"?>
<!-- Generated by org.testng.reporters.JUnitReportReporter -->
<testsuite skipped="0" hostname="DESKTOP-5LGAA3J" name="com.anthony.cases.RegisterTest" tests="1" failures="0" timestamp="05 九月 2019 11:42:53 GMT" time="3.870" errors="0">
  <testcase name="test01_Register" time="3.870" classname="com.anthony.cases.RegisterTest"/>
</testsuite> <!-- com.anthony.cases.RegisterTest -->
