<?xml version="1.0" encoding="UTF-8"?>
<!-- Generated by org.testng.reporters.JUnitReportReporter -->
<testsuite skipped="0" hostname="DESKTOP-5LGAA3J" name="com.anthony.cases.ListUsersTest" tests="1" failures="0" timestamp="05 Sep 2019 15:28:39 GMT" time="14.450" errors="0">
  <testcase name="test01_ListUsers" time="14.450" classname="com.anthony.cases.ListUsersTest"/>
</testsuite> <!-- com.anthony.cases.ListUsersTest -->
